Configuration file: /datasets/local/users/asim/web/_config.yml
Configuration file: /datasets/local/users/asim/web/_config.yml
            Source: /datasets/local/users/asim/web
       Destination: /datasets/local/users/asim/web/_site
 Incremental build: enabled
      Generating... 
[33m        Pagination: Pagination is enabled, but I couldn't find an index.html page to use as the pagination template. Skipping pagination.[0m
                    done in 16.706 seconds.
 Auto-regeneration: enabled for '/datasets/local/users/asim/web'
Configuration file: /datasets/local/users/asim/web/_config.yml
    Server address: http://138.15.166.21:4000//
  Server running... press ctrl-c to stop.
[31m       Deprecation: The --server command has been replaced by the 'serve' subcommand.[0m
jekyll 3.4.0 | Error:  Whoops, we can't understand your command.
jekyll 3.4.0 | Error:  invalid option: --serve
jekyll 3.4.0 | Error:  Run your command again with the --help switch to see available options.
jekyll serve -- Serve your site locally

Usage:

  jekyll serve [options]

Options:
            --config CONFIG_FILE[,CONFIG_FILE2,...]  Custom configuration file
        -d, --destination DESTINATION  The current folder will be generated into DESTINATION
        -s, --source SOURCE  Custom source directory
            --future       Publishes posts with a future date
            --limit_posts MAX_POSTS  Limits the number of posts to parse and publish
        -w, --[no-]watch   Watch for changes and rebuild
        -b, --baseurl URL  Serve the website from the given base URL
            --force_polling  Force watch to use polling
            --lsi          Use LSI for improved related posts
        -D, --drafts       Render posts in the _drafts folder
            --unpublished  Render posts that were marked as unpublished
        -q, --quiet        Silence output.
        -V, --verbose      Print verbose output.
        -I, --incremental  Enable incremental rebuild.
            --ssl-cert [CERT]  X.509 (SSL) certificate.
        -H, --host [HOST]  Host to bind to
        -o, --open-url     Launch your site in a browser
        -B, --detach       Run the server in the background
            --ssl-key [KEY]  X.509 (SSL) Private Key.
        -P, --port [PORT]  Port to listen on
            --show-dir-listing  Show a directory listing instead of loading your index file.
            --skip-initial-build  Skips the initial site build which occurs before the server is started.
        -h, --help         Show this message
        -v, --version      Print the name and version
        -t, --trace        Show the full backtrace when an error occurs
        -s, --source [DIR]  Source directory (defaults to ./)
        -d, --destination [DIR]  Destination directory (defaults to ./_site)
            --safe         Safe mode (defaults to false)
        -p, --plugins PLUGINS_DIR1[,PLUGINS_DIR2[,...]]  Plugins directory (defaults to ./_plugins)
            --layouts DIR  Layouts directory (defaults to ./_layouts)
            --profile      Generate a Liquid rendering profile
        -h, --help         Show this message
        -v, --version      Print the name and version
        -t, --trace        Show the full backtrace when an error occurs
Configuration file: /datasets/local/users/asim/web/_config.yml
Configuration file: /datasets/local/users/asim/web/_config.yml
            Source: /datasets/local/users/asim/web
       Destination: /datasets/local/users/asim/web/_site
 Incremental build: enabled
      Generating... 
[33m        Pagination: Pagination is enabled, but I couldn't find an index.html page to use as the pagination template. Skipping pagination.[0m
                    done in 16.165 seconds.
 Auto-regeneration: enabled for '/datasets/local/users/asim/web'
Configuration file: /datasets/local/users/asim/web/_config.yml
    Server address: http://138.15.166.21:4000//
  Server running... press ctrl-c to stop.
[2017-03-15 11:19:26] ERROR `/robots.txt' not found.
[2017-03-15 11:19:26] ERROR `/torch-apps' not found.
Configuration file: /datasets/local/users/asim/web/_config.yml
Configuration file: /datasets/local/users/asim/web/_config.yml
            Source: /datasets/local/users/asim/web
       Destination: /datasets/local/users/asim/web/_site
 Incremental build: enabled
      Generating... 
[33m        Pagination: Pagination is enabled, but I couldn't find an index.html page to use as the pagination template. Skipping pagination.[0m
                    done in 8.465 seconds.
 Auto-regeneration: enabled for '/datasets/local/users/asim/web'
Configuration file: /datasets/local/users/asim/web/_config.yml
    Server address: http://138.15.166.21:4000//
  Server running... press ctrl-c to stop.
